<?xml version="1.0" encoding="UTF-8"?>
<!-- Generated by org.testng.reporters.JUnitXMLReporter -->
<testsuite ignored="0" hostname="DESKTOP-T1H5H3C" failures="1" tests="1" name="Test" time="6.475" errors="0" timestamp="2024-04-16T17:18:16 IST">
  <testcase classname="io.cucumber.testng.AbstractTestNGCucumberTests" name="runScenario" time="6.305">
    <failure type="java.lang.AssertionError" message="expected [false] but found [true]">
      <![CDATA[java.lang.AssertionError: expected [false] but found [true]
at stepDefinitions.Login.dashboard_screen_is_displayed(Login.java:48)
at ✽.Dashboard screen is displayed(file:///C:/Users/Admin/eclipse-workspace/zframeworkProject/src/test/java/features/Login.feature:29)
... Removed 4 stack frames]]>
    </failure>
  </testcase> <!-- runScenario -->
</testsuite> <!-- Test -->
