<?xml version="1.0" encoding="UTF-8"?>
<!-- Generated by org.testng.reporters.JUnitXMLReporter -->
<testsuite ignored="2" hostname="DESKTOP-T1H5H3C" failures="0" tests="1" name="Test(failed)" time="17.449" errors="0" timestamp="2024-04-14T16:36:35 IST">
  <testcase classname="testCases.LoginTest" name="loginwithValidandInvalidCredentials" time="9.609"/>
  <testcase classname="testCases.LoginTest" name="validateIncorrectUserName" time="0.0">
    <ignored/>
  </testcase> <!-- validateIncorrectUserName -->
  <testcase classname="testCases.LoginTest" name="accessForgotPasswordScreen" time="0.0">
    <ignored/>
  </testcase> <!-- accessForgotPasswordScreen -->
</testsuite> <!-- Test(failed) -->
